[13-Jan-2020 13:40:19 UTC] PHP Warning:  include(): Filename cannot be empty in C:\Users\zakar\Local Sites\newsite\app\public\index.php on line 4
[13-Jan-2020 13:40:19 UTC] PHP Stack trace:
[13-Jan-2020 13:40:19 UTC] PHP   1. {main}() C:\Users\zakar\Local Sites\newsite\app\public\index.php:0
[13-Jan-2020 13:40:19 UTC] PHP Warning:  include(): Failed opening '' for inclusion (include_path='.:/usr/share/php:/www/wp-content/pear') in C:\Users\zakar\Local Sites\newsite\app\public\index.php on line 4
[13-Jan-2020 13:40:19 UTC] PHP Stack trace:
[13-Jan-2020 13:40:19 UTC] PHP   1. {main}() C:\Users\zakar\Local Sites\newsite\app\public\index.php:0
[13-Jan-2020 13:43:48 UTC] PHP Warning:  include(include/head.php): failed to open stream: No such file or directory in C:\Users\zakar\Local Sites\newsite\app\public\index.php on line 4
[13-Jan-2020 13:43:48 UTC] PHP Stack trace:
[13-Jan-2020 13:43:48 UTC] PHP   1. {main}() C:\Users\zakar\Local Sites\newsite\app\public\index.php:0
[13-Jan-2020 13:43:48 UTC] PHP Warning:  include(): Failed opening 'include/head.php' for inclusion (include_path='.:/usr/share/php:/www/wp-content/pear') in C:\Users\zakar\Local Sites\newsite\app\public\index.php on line 4
[13-Jan-2020 13:43:48 UTC] PHP Stack trace:
[13-Jan-2020 13:43:48 UTC] PHP   1. {main}() C:\Users\zakar\Local Sites\newsite\app\public\index.php:0
[13-Jan-2020 13:43:50 UTC] PHP Warning:  include(include/head.php): failed to open stream: No such file or directory in C:\Users\zakar\Local Sites\newsite\app\public\index.php on line 4
[13-Jan-2020 13:43:50 UTC] PHP Stack trace:
[13-Jan-2020 13:43:50 UTC] PHP   1. {main}() C:\Users\zakar\Local Sites\newsite\app\public\index.php:0
[13-Jan-2020 13:43:50 UTC] PHP Warning:  include(): Failed opening 'include/head.php' for inclusion (include_path='.:/usr/share/php:/www/wp-content/pear') in C:\Users\zakar\Local Sites\newsite\app\public\index.php on line 4
[13-Jan-2020 13:43:50 UTC] PHP Stack trace:
[13-Jan-2020 13:43:50 UTC] PHP   1. {main}() C:\Users\zakar\Local Sites\newsite\app\public\index.php:0
[13-Jan-2020 13:43:51 UTC] PHP Warning:  include(include/head.php): failed to open stream: No such file or directory in C:\Users\zakar\Local Sites\newsite\app\public\index.php on line 4
[13-Jan-2020 13:43:51 UTC] PHP Stack trace:
[13-Jan-2020 13:43:51 UTC] PHP   1. {main}() C:\Users\zakar\Local Sites\newsite\app\public\index.php:0
[13-Jan-2020 13:43:51 UTC] PHP Warning:  include(): Failed opening 'include/head.php' for inclusion (include_path='.:/usr/share/php:/www/wp-content/pear') in C:\Users\zakar\Local Sites\newsite\app\public\index.php on line 4
[13-Jan-2020 13:43:51 UTC] PHP Stack trace:
[13-Jan-2020 13:43:51 UTC] PHP   1. {main}() C:\Users\zakar\Local Sites\newsite\app\public\index.php:0
[13-Jan-2020 13:44:16 UTC] PHP Warning:  include(include/head.php): failed to open stream: No such file or directory in C:\Users\zakar\Local Sites\newsite\app\public\index.php on line 4
[13-Jan-2020 13:44:16 UTC] PHP Stack trace:
[13-Jan-2020 13:44:16 UTC] PHP   1. {main}() C:\Users\zakar\Local Sites\newsite\app\public\index.php:0
[13-Jan-2020 13:44:16 UTC] PHP Warning:  include(): Failed opening 'include/head.php' for inclusion (include_path='.:/usr/share/php:/www/wp-content/pear') in C:\Users\zakar\Local Sites\newsite\app\public\index.php on line 4
[13-Jan-2020 13:44:16 UTC] PHP Stack trace:
[13-Jan-2020 13:44:16 UTC] PHP   1. {main}() C:\Users\zakar\Local Sites\newsite\app\public\index.php:0
[13-Jan-2020 13:44:18 UTC] PHP Warning:  include(include/head.php): failed to open stream: No such file or directory in C:\Users\zakar\Local Sites\newsite\app\public\index.php on line 4
[13-Jan-2020 13:44:18 UTC] PHP Stack trace:
[13-Jan-2020 13:44:18 UTC] PHP   1. {main}() C:\Users\zakar\Local Sites\newsite\app\public\index.php:0
[13-Jan-2020 13:44:18 UTC] PHP Warning:  include(): Failed opening 'include/head.php' for inclusion (include_path='.:/usr/share/php:/www/wp-content/pear') in C:\Users\zakar\Local Sites\newsite\app\public\index.php on line 4
[13-Jan-2020 13:44:18 UTC] PHP Stack trace:
[13-Jan-2020 13:44:18 UTC] PHP   1. {main}() C:\Users\zakar\Local Sites\newsite\app\public\index.php:0
[13-Jan-2020 13:44:18 UTC] PHP Warning:  include(include/head.php): failed to open stream: No such file or directory in C:\Users\zakar\Local Sites\newsite\app\public\index.php on line 4
[13-Jan-2020 13:44:18 UTC] PHP Stack trace:
[13-Jan-2020 13:44:18 UTC] PHP   1. {main}() C:\Users\zakar\Local Sites\newsite\app\public\index.php:0
[13-Jan-2020 13:44:18 UTC] PHP Warning:  include(): Failed opening 'include/head.php' for inclusion (include_path='.:/usr/share/php:/www/wp-content/pear') in C:\Users\zakar\Local Sites\newsite\app\public\index.php on line 4
[13-Jan-2020 13:44:18 UTC] PHP Stack trace:
[13-Jan-2020 13:44:18 UTC] PHP   1. {main}() C:\Users\zakar\Local Sites\newsite\app\public\index.php:0
[13-Jan-2020 13:44:19 UTC] PHP Warning:  include(include/head.php): failed to open stream: No such file or directory in C:\Users\zakar\Local Sites\newsite\app\public\index.php on line 4
[13-Jan-2020 13:44:19 UTC] PHP Stack trace:
[13-Jan-2020 13:44:19 UTC] PHP   1. {main}() C:\Users\zakar\Local Sites\newsite\app\public\index.php:0
[13-Jan-2020 13:44:19 UTC] PHP Warning:  include(): Failed opening 'include/head.php' for inclusion (include_path='.:/usr/share/php:/www/wp-content/pear') in C:\Users\zakar\Local Sites\newsite\app\public\index.php on line 4
[13-Jan-2020 13:44:19 UTC] PHP Stack trace:
[13-Jan-2020 13:44:19 UTC] PHP   1. {main}() C:\Users\zakar\Local Sites\newsite\app\public\index.php:0
[13-Jan-2020 13:44:19 UTC] PHP Warning:  include(include/head.php): failed to open stream: No such file or directory in C:\Users\zakar\Local Sites\newsite\app\public\index.php on line 4
[13-Jan-2020 13:44:19 UTC] PHP Stack trace:
[13-Jan-2020 13:44:19 UTC] PHP   1. {main}() C:\Users\zakar\Local Sites\newsite\app\public\index.php:0
[13-Jan-2020 13:44:19 UTC] PHP Warning:  include(): Failed opening 'include/head.php' for inclusion (include_path='.:/usr/share/php:/www/wp-content/pear') in C:\Users\zakar\Local Sites\newsite\app\public\index.php on line 4
[13-Jan-2020 13:44:19 UTC] PHP Stack trace:
[13-Jan-2020 13:44:19 UTC] PHP   1. {main}() C:\Users\zakar\Local Sites\newsite\app\public\index.php:0
[13-Jan-2020 13:44:20 UTC] PHP Warning:  include(include/head.php): failed to open stream: No such file or directory in C:\Users\zakar\Local Sites\newsite\app\public\index.php on line 4
[13-Jan-2020 13:44:20 UTC] PHP Stack trace:
[13-Jan-2020 13:44:20 UTC] PHP   1. {main}() C:\Users\zakar\Local Sites\newsite\app\public\index.php:0
[13-Jan-2020 13:44:20 UTC] PHP Warning:  include(): Failed opening 'include/head.php' for inclusion (include_path='.:/usr/share/php:/www/wp-content/pear') in C:\Users\zakar\Local Sites\newsite\app\public\index.php on line 4
[13-Jan-2020 13:44:20 UTC] PHP Stack trace:
[13-Jan-2020 13:44:20 UTC] PHP   1. {main}() C:\Users\zakar\Local Sites\newsite\app\public\index.php:0
[13-Jan-2020 13:44:20 UTC] PHP Warning:  include(include/head.php): failed to open stream: No such file or directory in C:\Users\zakar\Local Sites\newsite\app\public\index.php on line 4
[13-Jan-2020 13:44:20 UTC] PHP Stack trace:
[13-Jan-2020 13:44:20 UTC] PHP   1. {main}() C:\Users\zakar\Local Sites\newsite\app\public\index.php:0
[13-Jan-2020 13:44:20 UTC] PHP Warning:  include(): Failed opening 'include/head.php' for inclusion (include_path='.:/usr/share/php:/www/wp-content/pear') in C:\Users\zakar\Local Sites\newsite\app\public\index.php on line 4
[13-Jan-2020 13:44:20 UTC] PHP Stack trace:
[13-Jan-2020 13:44:20 UTC] PHP   1. {main}() C:\Users\zakar\Local Sites\newsite\app\public\index.php:0
[13-Jan-2020 13:44:20 UTC] PHP Warning:  include(include/head.php): failed to open stream: No such file or directory in C:\Users\zakar\Local Sites\newsite\app\public\index.php on line 4
[13-Jan-2020 13:44:20 UTC] PHP Stack trace:
[13-Jan-2020 13:44:20 UTC] PHP   1. {main}() C:\Users\zakar\Local Sites\newsite\app\public\index.php:0
[13-Jan-2020 13:44:20 UTC] PHP Warning:  include(): Failed opening 'include/head.php' for inclusion (include_path='.:/usr/share/php:/www/wp-content/pear') in C:\Users\zakar\Local Sites\newsite\app\public\index.php on line 4
[13-Jan-2020 13:44:20 UTC] PHP Stack trace:
[13-Jan-2020 13:44:20 UTC] PHP   1. {main}() C:\Users\zakar\Local Sites\newsite\app\public\index.php:0
